<?xml version="1.0" encoding="UTF-8"?>
<testng-results ignored="0" total="1" passed="1" failed="0" skipped="0">
  <reporter-output>
  </reporter-output>
  <suite started-at="2021-11-24T01:29:26 BDT" name="bankingProjectHAF" finished-at="2021-11-24T01:29:32 BDT" duration-ms="5859">
    <groups>
    </groups>
    <test started-at="2021-11-24T01:29:26 BDT" name="Demo Banking Application Test" finished-at="2021-11-24T01:29:32 BDT" duration-ms="5859">
      <class name="com.bankingProject.testCases.TC_LoginTest_001">
        <test-method is-config="true" signature="setup()[pri:0, instance:com.bankingProject.testCases.TC_LoginTest_001@49c386c8]" started-at="2021-11-24T01:29:26 BDT" name="setup" finished-at="2021-11-24T01:29:28 BDT" duration-ms="1783" status="PASS">
          <reporter-output>
          </reporter-output>
        </test-method> <!-- setup -->
        <test-method signature="loginTest()[pri:0, instance:com.bankingProject.testCases.TC_LoginTest_001@49c386c8]" started-at="2021-11-24T01:29:28 BDT" name="loginTest" finished-at="2021-11-24T01:29:32 BDT" duration-ms="3920" status="PASS">
          <reporter-output>
          </reporter-output>
        </test-method> <!-- loginTest -->
        <test-method is-config="true" signature="tearDown()[pri:0, instance:com.bankingProject.testCases.TC_LoginTest_001@49c386c8]" started-at="2021-11-24T01:29:32 BDT" name="tearDown" finished-at="2021-11-24T01:29:32 BDT" duration-ms="137" status="PASS">
          <reporter-output>
          </reporter-output>
        </test-method> <!-- tearDown -->
      </class> <!-- com.bankingProject.testCases.TC_LoginTest_001 -->
    </test> <!-- Demo Banking Application Test -->
  </suite> <!-- bankingProjectHAF -->
</testng-results>
