<?xml version="1.0" encoding="UTF-8"?>
<testng-results ignored="0" total="1" passed="1" failed="0" skipped="0">
  <reporter-output>
  </reporter-output>
  <suite started-at="2021-11-29T17:47:56 BDT" name="bankingProjectHAF" finished-at="2021-11-29T17:48:03 BDT" duration-ms="6538">
    <groups>
    </groups>
    <test started-at="2021-11-29T17:47:56 BDT" name="Banking Application Test" finished-at="2021-11-29T17:48:03 BDT" duration-ms="6538">
      <class name="com.bankingProject.testCases.TC_LoginTest_001">
        <test-method is-config="true" signature="setup(java.lang.String)[pri:0, instance:com.bankingProject.testCases.TC_LoginTest_001@59309333]" started-at="2021-11-29T17:47:56 BDT" name="setup" finished-at="2021-11-29T17:48:01 BDT" duration-ms="4309" status="PASS">
          <params>
            <param index="0">
              <value>
                <![CDATA[chrome]]>
              </value>
            </param>
          </params>
          <reporter-output>
          </reporter-output>
        </test-method> <!-- setup -->
        <test-method signature="loginTest()[pri:0, instance:com.bankingProject.testCases.TC_LoginTest_001@59309333]" started-at="2021-11-29T17:48:01 BDT" name="loginTest" finished-at="2021-11-29T17:48:02 BDT" duration-ms="1784" status="PASS">
          <reporter-output>
          </reporter-output>
        </test-method> <!-- loginTest -->
        <test-method is-config="true" signature="tearDown()[pri:0, instance:com.bankingProject.testCases.TC_LoginTest_001@59309333]" started-at="2021-11-29T17:48:02 BDT" name="tearDown" finished-at="2021-11-29T17:48:03 BDT" duration-ms="205" status="PASS">
          <reporter-output>
          </reporter-output>
        </test-method> <!-- tearDown -->
      </class> <!-- com.bankingProject.testCases.TC_LoginTest_001 -->
    </test> <!-- Banking Application Test -->
  </suite> <!-- bankingProjectHAF -->
</testng-results>
