<?xml version="1.0" encoding="UTF-8"?>
<testng-results ignored="0" total="1" passed="1" failed="0" skipped="0">
  <reporter-output>
  </reporter-output>
  <suite started-at="2021-11-22T21:11:08 BDT" name="Default suite" finished-at="2021-11-22T21:11:13 BDT" duration-ms="5439">
    <groups>
    </groups>
    <test started-at="2021-11-22T21:11:08 BDT" name="Default test" finished-at="2021-11-22T21:11:13 BDT" duration-ms="5439">
      <class name="com.bankingProject.testCases.TC_LoginTest_001">
        <test-method is-config="true" signature="setup()[pri:0, instance:com.bankingProject.testCases.TC_LoginTest_001@7bd4937b]" started-at="2021-11-22T21:11:08 BDT" name="setup" finished-at="2021-11-22T21:11:10 BDT" duration-ms="1574" status="PASS">
          <reporter-output>
          </reporter-output>
        </test-method> <!-- setup -->
        <test-method signature="loginTest()[pri:0, instance:com.bankingProject.testCases.TC_LoginTest_001@7bd4937b]" started-at="2021-11-22T21:11:10 BDT" name="loginTest" finished-at="2021-11-22T21:11:13 BDT" duration-ms="3692" status="PASS">
          <reporter-output>
          </reporter-output>
        </test-method> <!-- loginTest -->
        <test-method is-config="true" signature="tearDown()[pri:0, instance:com.bankingProject.testCases.TC_LoginTest_001@7bd4937b]" started-at="2021-11-22T21:11:13 BDT" name="tearDown" finished-at="2021-11-22T21:11:13 BDT" duration-ms="136" status="PASS">
          <reporter-output>
          </reporter-output>
        </test-method> <!-- tearDown -->
      </class> <!-- com.bankingProject.testCases.TC_LoginTest_001 -->
    </test> <!-- Default test -->
  </suite> <!-- Default suite -->
</testng-results>
